e:\exam projects\patterns mid term\graphics-opengl-main\project1\project1\x64\debug\vc143.pdb
e:\exam projects\patterns mid term\graphics-opengl-main\project1\project1\x64\debug\vc143.idb
e:\exam projects\patterns mid term\graphics-opengl-main\project1\project1\x64\debug\glad.obj
e:\exam projects\patterns mid term\graphics-opengl-main\project1\project1\x64\debug\transform.obj
e:\exam projects\patterns mid term\graphics-opengl-main\project1\project1\x64\debug\textures.obj
e:\exam projects\patterns mid term\graphics-opengl-main\project1\project1\x64\debug\renderer.obj
e:\exam projects\patterns mid term\graphics-opengl-main\project1\project1\x64\debug\model.obj
e:\exam projects\patterns mid term\graphics-opengl-main\project1\project1\x64\debug\camera.obj
e:\exam projects\patterns mid term\graphics-opengl-main\project1\project1\x64\debug\application.obj
e:\exam projects\patterns mid term\graphics-opengl-main\project1\project1\x64\debug\shader.obj
e:\exam projects\patterns mid term\graphics-opengl-main\project1\project1\x64\debug\robot.obj
e:\exam projects\patterns mid term\graphics-opengl-main\project1\project1\x64\debug\playerinput.obj
e:\exam projects\patterns mid term\graphics-opengl-main\project1\project1\x64\debug\physicsobject.obj
e:\exam projects\patterns mid term\graphics-opengl-main\project1\project1\x64\debug\mesh.obj
e:\exam projects\patterns mid term\graphics-opengl-main\project1\project1\x64\debug\material.obj
e:\exam projects\patterns mid term\graphics-opengl-main\project1\project1\x64\debug\light.obj
e:\exam projects\patterns mid term\graphics-opengl-main\project1\project1\x64\debug\imgui_widgets.obj
e:\exam projects\patterns mid term\graphics-opengl-main\project1\project1\x64\debug\imgui_tables.obj
e:\exam projects\patterns mid term\graphics-opengl-main\project1\project1\x64\debug\imgui_impl_opengl3.obj
e:\exam projects\patterns mid term\graphics-opengl-main\project1\project1\x64\debug\imgui_impl_glfw.obj
e:\exam projects\patterns mid term\graphics-opengl-main\project1\project1\x64\debug\imgui_draw.obj
e:\exam projects\patterns mid term\graphics-opengl-main\project1\project1\x64\debug\imgui_demo.obj
e:\exam projects\patterns mid term\graphics-opengl-main\project1\project1\x64\debug\imgui.obj
e:\exam projects\patterns mid term\graphics-opengl-main\project1\project1\x64\debug\vertexbuffer.obj
e:\exam projects\patterns mid term\graphics-opengl-main\project1\project1\x64\debug\vertexarray.obj
e:\exam projects\patterns mid term\graphics-opengl-main\project1\project1\x64\debug\robotdirection.obj
e:\exam projects\patterns mid term\graphics-opengl-main\project1\project1\x64\debug\project1.ilk
e:\exam projects\patterns mid term\graphics-opengl-main\project1\x64\debug\project1.pdb
e:\exam projects\patterns mid term\graphics-opengl-main\project1\x64\debug\project1.exe
e:\exam projects\patterns mid term\graphics-opengl-main\project1\project1\x64\debug\project1.tlog\cl.command.1.tlog
e:\exam projects\patterns mid term\graphics-opengl-main\project1\project1\x64\debug\project1.tlog\cl.items.tlog
e:\exam projects\patterns mid term\graphics-opengl-main\project1\project1\x64\debug\project1.tlog\cl.read.1.tlog
e:\exam projects\patterns mid term\graphics-opengl-main\project1\project1\x64\debug\project1.tlog\cl.write.1.tlog
e:\exam projects\patterns mid term\graphics-opengl-main\project1\project1\x64\debug\project1.tlog\link.command.1.tlog
e:\exam projects\patterns mid term\graphics-opengl-main\project1\project1\x64\debug\project1.tlog\link.read.1.tlog
e:\exam projects\patterns mid term\graphics-opengl-main\project1\project1\x64\debug\project1.tlog\link.write.1.tlog
